<?xml version="1.0" encoding="UTF-8"?>
<!-- Generated by org.testng.reporters.JUnitXMLReporter -->
<testsuite hostname="Desarrollo45" name="Android-4-4-Test" tests="1" failures="1" timestamp="31 Jul 2015 14:57:00 GMT" time="59.343" errors="0">
  <testcase name="@AfterClass tearDown" time="0.0" classname="trainning.browserstack.test.MobileExample">
    <failure type="org.openqa.selenium.WebDriverException" message="Session not started or terminated (WARNING: The server did not provide any stacktrace information)
Command duration or timeout: 977 milliseconds
Build info: version: &amp;apos;2.46.0&amp;apos;, revision: &amp;apos;87c69e2&amp;apos;, time: &amp;apos;2015-06-04 16:17:10&amp;apos;
System info: host: &amp;apos;Desarrollo45&amp;apos;, ip: &amp;apos;192.168.56.1&amp;apos;, os.name: &amp;apos;Windows 8.1&amp;apos;, os.arch: &amp;apos;x86&amp;apos;, os.version: &amp;apos;6.3&amp;apos;, java.version: &amp;apos;1.8.0_40&amp;apos;
Driver info: org.openqa.selenium.remote.RemoteWebDriver
Capabilities [{browserstack.video.aws.secret=ZP+XKf3TZRcSIesWG1bB90AdM/0v2fNvS59DYt2m, language=Apache-HttpClient/4.4.1 (Java/1.8.0_40), platform=ANDROID, browserstack.region=us-east-1, browserstack.video.aws.s3bucket=bs-video-logs-use, acceptSslCerts=true, browserstack.video.aws.region=us-east-1, browser=android, acceptSslCert=false, webStorageEnabled=true, browserName=android, takesScreenshot=true, javascriptEnabled=true, 64bit=false, browserstack.debug=false, applicationCacheEnabled=true, rotatable=true, browserstack.ie.noFlash=false, mobile={browser=mobile, version=Samsung Galaxy S5-4.4-1080x1920}, handlesAlerts=true, version=19, browserstack.tunnel=false, proxy={httpProxy=10.0.2.2:45691, proxyType=manual, sslProxy=10.0.2.2:45691}, browserConnectionEnabled=true, webdriver.remote.sessionid=ea5a4b3a92d8a3cf483a26c3ae2751e39ec9850c, orig_os=macyos, locationContextEnabled=true, device=Samsung Galaxy S5, proxy_type=node, browserstack.video.aws.key=AKIAJ3YQPDAVIE3HNQEQ}]
Session ID: ea5a4b3a92d8a3cf483a26c3ae2751e39ec9850c">
      <![CDATA[org.openqa.selenium.WebDriverException: Session not started or terminated (WARNING: The server did not provide any stacktrace information)
Command duration or timeout: 977 milliseconds
Build info: version: '2.46.0', revision: '87c69e2', time: '2015-06-04 16:17:10'
System info: host: 'Desarrollo45', ip: '192.168.56.1', os.name: 'Windows 8.1', os.arch: 'x86', os.version: '6.3', java.version: '1.8.0_40'
Driver info: org.openqa.selenium.remote.RemoteWebDriver
Capabilities [{browserstack.video.aws.secret=ZP+XKf3TZRcSIesWG1bB90AdM/0v2fNvS59DYt2m, language=Apache-HttpClient/4.4.1 (Java/1.8.0_40), platform=ANDROID, browserstack.region=us-east-1, browserstack.video.aws.s3bucket=bs-video-logs-use, acceptSslCerts=true, browserstack.video.aws.region=us-east-1, browser=android, acceptSslCert=false, webStorageEnabled=true, browserName=android, takesScreenshot=true, javascriptEnabled=true, 64bit=false, browserstack.debug=false, applicationCacheEnabled=true, rotatable=true, browserstack.ie.noFlash=false, mobile={browser=mobile, version=Samsung Galaxy S5-4.4-1080x1920}, handlesAlerts=true, version=19, browserstack.tunnel=false, proxy={httpProxy=10.0.2.2:45691, proxyType=manual, sslProxy=10.0.2.2:45691}, browserConnectionEnabled=true, webdriver.remote.sessionid=ea5a4b3a92d8a3cf483a26c3ae2751e39ec9850c, orig_os=macyos, locationContextEnabled=true, device=Samsung Galaxy S5, proxy_type=node, browserstack.video.aws.key=AKIAJ3YQPDAVIE3HNQEQ}]
Session ID: ea5a4b3a92d8a3cf483a26c3ae2751e39ec9850c
	at org.openqa.selenium.remote.ErrorHandler.createThrowable(ErrorHandler.java:204)
	at org.openqa.selenium.remote.ErrorHandler.throwIfResponseFailed(ErrorHandler.java:156)
	at org.openqa.selenium.remote.RemoteWebDriver.execute(RemoteWebDriver.java:605)
	at org.openqa.selenium.remote.RemoteWebDriver.execute(RemoteWebDriver.java:628)
	at org.openqa.selenium.remote.RemoteWebDriver.quit(RemoteWebDriver.java:474)
	at trainning.browserstack.test.MobileExample.tearDown(MobileExample.java:63)
	at java.util.concurrent.FutureTask.run(Unknown Source)
	at java.util.concurrent.ThreadPoolExecutor.runWorker(Unknown Source)
	at java.util.concurrent.ThreadPoolExecutor$Worker.run(Unknown Source)
	at java.lang.Thread.run(Unknown Source)
... Removed 20 stack frames]]>
    </failure>
  </testcase> <!-- @AfterClass tearDown -->
  <testcase name="testSimple" time="16.618" classname="trainning.browserstack.test.MobileExample">
    <failure type="org.openqa.selenium.WebDriverException" message="Unable to communicate to node (WARNING: The server did not provide any stacktrace information)
Command duration or timeout: 16.61 seconds
Build info: version: &amp;apos;2.46.0&amp;apos;, revision: &amp;apos;87c69e2&amp;apos;, time: &amp;apos;2015-06-04 16:17:10&amp;apos;
System info: host: &amp;apos;Desarrollo45&amp;apos;, ip: &amp;apos;192.168.56.1&amp;apos;, os.name: &amp;apos;Windows 8.1&amp;apos;, os.arch: &amp;apos;x86&amp;apos;, os.version: &amp;apos;6.3&amp;apos;, java.version: &amp;apos;1.8.0_40&amp;apos;
Driver info: org.openqa.selenium.remote.RemoteWebDriver
Capabilities [{browserstack.video.aws.secret=ZP+XKf3TZRcSIesWG1bB90AdM/0v2fNvS59DYt2m, language=Apache-HttpClient/4.4.1 (Java/1.8.0_40), platform=ANDROID, browserstack.region=us-east-1, browserstack.video.aws.s3bucket=bs-video-logs-use, acceptSslCerts=true, browserstack.video.aws.region=us-east-1, browser=android, acceptSslCert=false, webStorageEnabled=true, browserName=android, takesScreenshot=true, javascriptEnabled=true, 64bit=false, browserstack.debug=false, applicationCacheEnabled=true, rotatable=true, browserstack.ie.noFlash=false, mobile={browser=mobile, version=Samsung Galaxy S5-4.4-1080x1920}, handlesAlerts=true, version=19, browserstack.tunnel=false, proxy={httpProxy=10.0.2.2:45691, proxyType=manual, sslProxy=10.0.2.2:45691}, browserConnectionEnabled=true, webdriver.remote.sessionid=ea5a4b3a92d8a3cf483a26c3ae2751e39ec9850c, orig_os=macyos, locationContextEnabled=true, device=Samsung Galaxy S5, proxy_type=node, browserstack.video.aws.key=AKIAJ3YQPDAVIE3HNQEQ}]
Session ID: ea5a4b3a92d8a3cf483a26c3ae2751e39ec9850c">
      <![CDATA[org.openqa.selenium.WebDriverException: Unable to communicate to node (WARNING: The server did not provide any stacktrace information)
Command duration or timeout: 16.61 seconds
Build info: version: '2.46.0', revision: '87c69e2', time: '2015-06-04 16:17:10'
System info: host: 'Desarrollo45', ip: '192.168.56.1', os.name: 'Windows 8.1', os.arch: 'x86', os.version: '6.3', java.version: '1.8.0_40'
Driver info: org.openqa.selenium.remote.RemoteWebDriver
Capabilities [{browserstack.video.aws.secret=ZP+XKf3TZRcSIesWG1bB90AdM/0v2fNvS59DYt2m, language=Apache-HttpClient/4.4.1 (Java/1.8.0_40), platform=ANDROID, browserstack.region=us-east-1, browserstack.video.aws.s3bucket=bs-video-logs-use, acceptSslCerts=true, browserstack.video.aws.region=us-east-1, browser=android, acceptSslCert=false, webStorageEnabled=true, browserName=android, takesScreenshot=true, javascriptEnabled=true, 64bit=false, browserstack.debug=false, applicationCacheEnabled=true, rotatable=true, browserstack.ie.noFlash=false, mobile={browser=mobile, version=Samsung Galaxy S5-4.4-1080x1920}, handlesAlerts=true, version=19, browserstack.tunnel=false, proxy={httpProxy=10.0.2.2:45691, proxyType=manual, sslProxy=10.0.2.2:45691}, browserConnectionEnabled=true, webdriver.remote.sessionid=ea5a4b3a92d8a3cf483a26c3ae2751e39ec9850c, orig_os=macyos, locationContextEnabled=true, device=Samsung Galaxy S5, proxy_type=node, browserstack.video.aws.key=AKIAJ3YQPDAVIE3HNQEQ}]
Session ID: ea5a4b3a92d8a3cf483a26c3ae2751e39ec9850c
	at org.openqa.selenium.remote.ErrorHandler.createThrowable(ErrorHandler.java:204)
	at org.openqa.selenium.remote.ErrorHandler.throwIfResponseFailed(ErrorHandler.java:156)
	at org.openqa.selenium.remote.RemoteWebDriver.execute(RemoteWebDriver.java:605)
	at org.openqa.selenium.remote.RemoteWebDriver.get(RemoteWebDriver.java:306)
	at trainning.browserstack.test.MobileExample.testSimple(MobileExample.java:46)
	at java.util.concurrent.FutureTask.run(Unknown Source)
	at java.util.concurrent.ThreadPoolExecutor.runWorker(Unknown Source)
	at java.util.concurrent.ThreadPoolExecutor$Worker.run(Unknown Source)
	at java.lang.Thread.run(Unknown Source)
... Removed 20 stack frames]]>
    </failure>
  </testcase> <!-- testSimple -->
</testsuite> <!-- Android-4-4-Test -->
